<?xml version="1.0" encoding="UTF-8"?>
<!-- Generated by org.testng.reporters.JUnitReportReporter -->
<testsuite hostname="CAITPAY-WL0251" failures="0" tests="1" name="test.GetListUsers" time="0.128" errors="0" timestamp="2023-05-28T15:45:47 EET" skipped="0">
  <testcase classname="test.GetListUsers" name="getListUsers" time="0.128"/>
  <system-out/>
</testsuite> <!-- test.GetListUsers -->
