<?xml version="1.0" encoding="UTF-8"?>
<!-- Generated by org.testng.reporters.JUnitReportReporter -->
<testsuite hostname="CAITPAY-WL0251" failures="0" tests="1" name="test.GetSingleUserWithExistingId" time="0.146" errors="0" timestamp="2023-05-28T15:45:47 EET" skipped="0">
  <testcase classname="test.GetSingleUserWithExistingId" name="getSingleUserWithExistingId" time="0.146"/>
  <system-out/>
</testsuite> <!-- test.GetSingleUserWithExistingId -->
