<?xml version="1.0" encoding="UTF-8"?>
<!-- Generated by org.testng.reporters.JUnitReportReporter -->
<testsuite hostname="CAITPAY-WL0251" failures="0" tests="1" name="test.PostApi" time="2.649" errors="0" timestamp="2023-05-28T15:45:47 EET" skipped="0">
  <testcase classname="test.PostApi" name="postApiTest" time="2.649"/>
  <system-out/>
</testsuite> <!-- test.PostApi -->
